Restore Archived Project report for EE316Project3
Wed Feb 14 11:43:38 2024
Quartus II 64-Bit Version 13.0.1 Build 232 06/12/2013 Service Pack 1 SJ Full Version


---------------------
; Table of Contents ;
---------------------
  1. Legal Notice
  2. Restore Archived Project Summary
  3. Restore Archived Project Messages
  4. Files Restored
  5. Files Not Restored



----------------
; Legal Notice ;
----------------
Copyright (C) 1991-2013 Altera Corporation
Your use of Altera Corporation's design tools, logic functions 
and other software and tools, and its AMPP partner logic 
functions, and any output files from any of the foregoing 
(including device programming or simulation files), and any 
associated documentation or information are expressly subject 
to the terms and conditions of the Altera Program License 
Subscription Agreement, Altera MegaCore Function License 
Agreement, or other applicable license agreement, including, 
without limitation, that your use is for the sole purpose of 
programming logic devices manufactured by Altera and sold by 
Altera or its authorized distributors.  Please refer to the 
applicable agreement for further details.



+-------------------------------------------------------------------------+
; Restore Archived Project Summary                                        ;
+---------------------------------+---------------------------------------+
; Restore Archived Project Status ; Successful - Wed Feb 14 11:43:38 2024 ;
; Revision Name                   ; EE316Project3                         ;
; Top-level Entity Name           ; DE2_115                               ;
; Family                          ; Cyclone IV E                          ;
+---------------------------------+---------------------------------------+


+-----------------------------------+
; Restore Archived Project Messages ;
+-----------------------------------+
Info: Successfully restored 'U:/Project2/Project2_LCDandPWM_tmp_archive.qar' into the 'U:/Project3/' directory
Info: Generated report 'EE316Project3.restore.rpt'


+----------------------------------------------------------+
; Files Restored                                           ;
+----------------------------------------------------------+
; File Name                                                ;
+----------------------------------------------------------+
; DE2_115.vhd                                              ;
; EE316Project2.qsf                                        ;
; EE316Project3.qsf                                        ;
; EightBitToLCDLUT.vhd                                     ;
; FourTo7SegLUT.vhd                                        ;
; I2C_user_logic.vhd                                       ;
; LCD_FSM.vhd                                              ;
; LCD_user_logic.vhd                                       ;
; Main4StateMachine.vhd                                    ;
; PWM.vhd                                                  ;
; Project2_LCDandPWM.qpf                                   ;
; ROMP.bsf                                                 ;
; ROMP.cmp                                                 ;
; ROMP.inc                                                 ;
; ROMP.qip                                                 ;
; ROMP.vhd                                                 ;
; ROMP_inst.vhd                                            ;
; SRAM_Controller.vhd                                      ;
; assignment_defaults.qdf                                  ;
; btn_debounce_toggle.vhd                                  ;
; counter_pwm.vhd                                          ;
; i2c_master_2.1.vhd                                       ;
; incremental_db/compiled_partitions/EE316Project2.db_info ;
; incremental_db/compiled_partitions/EE316Project3.db_info ;
; output_files/Chain2.cdf                                  ;
; reset_delay.vhd                                          ;
; simulation/modelsim/top_level_tb.vhd                     ;
; sine.mif                                                 ;
; top_level.vhd                                            ;
; univ_bin_counter.vhd                                     ;
+----------------------------------------------------------+


+--------------------+
; Files Not Restored ;
+--------------------+
; File Name          ;
+--------------------+


